{"level":"info","msg":"Rpop列表 失败. redigo: nil returned","time":"2019-05-13 15:20:28"}
{"level":"info","msg":"Rpop列表 失败. redigo: nil returned","time":"2019-05-13 15:23:58"}
{"level":"info","msg":"Rpop列表 失败. redigo: nil returned","time":"2019-05-13 15:28:04"}
{"level":"info","msg":"Rpop列表 失败. redigo: nil returned","time":"2019-05-13 15:28:12"}
{"level":"info","msg":"Rpop列表 失败. redigo: nil returned","time":"2019-05-13 15:28:34"}
{"level":"info","msg":"Rpop列表 失败. redigo: nil returned","time":"2019-05-13 15:29:39"}
{"level":"info","msg":"Rpop列表 失败. redigo: nil returned","time":"2019-05-13 15:31:11"}
{"level":"info","msg":"Rpop列表 失败. redigo: nil returned","time":"2019-05-13 15:36:23"}
{"level":"info","msg":"Rpop列表 失败. redigo: nil returned","time":"2019-05-13 15:36:31"}
{"level":"info","msg":"Rpop列表 失败. redigo: nil returned","time":"2019-05-13 15:36:39"}
{"level":"info","msg":"Rpop列表 失败. redigo: nil returned","time":"2019-05-13 15:36:47"}
{"level":"info","msg":"Rpop列表 失败. redigo: nil returned","time":"2019-05-13 15:40:03"}
{"level":"info","msg":"Rpop列表 失败. redigo: nil returned","time":"2019-05-13 15:52:00"}
{"level":"info","msg":"Rpop列表 失败. redigo: nil returned","time":"2019-05-13 15:53:21"}
{"level":"info","msg":"Rpop列表 失败. redigo: nil returned","time":"2019-05-13 15:54:00"}
{"level":"info","msg":"Rpop列表 失败. redigo: nil returned","time":"2019-05-13 15:57:43"}
{"level":"info","msg":"Rpop列表 失败. redigo: nil returned","time":"2019-05-13 15:58:44"}
{"level":"info","msg":"Rpop列表 失败. redigo: nil returned","time":"2019-05-13 15:59:26"}
{"level":"info","msg":"Rpop列表 失败. redigo: nil returned","time":"2019-05-13 15:59:53"}
{"level":"info","msg":"Rpop列表 失败. redigo: nil returned","time":"2019-05-13 16:00:01"}
{"level":"info","msg":"Rpop列表 失败. redigo: nil returned","time":"2019-05-13 16:04:35"}
{"level":"info","msg":"Rpop列表 失败. redigo: nil returned","time":"2019-05-13 16:05:21"}
{"level":"info","msg":"[] JSON解析微信模板消息 失败. unexpected end of JSON input","time":"2019-05-13 16:05:24"}
{"level":"info","msg":"Rpop列表 失败. redigo: nil returned","time":"2019-05-13 16:05:26"}
{"level":"info","msg":"[] JSON解析微信模板消息 失败. unexpected end of JSON input","time":"2019-05-13 16:05:29"}
{"level":"info","msg":"Rpop列表 失败. redigo: nil returned","time":"2019-05-13 16:05:31"}
{"level":"info","msg":"[] JSON解析微信模板消息 失败. unexpected end of JSON input","time":"2019-05-13 16:05:34"}
{"level":"info","msg":"Rpop列表 失败. redigo: nil returned","time":"2019-05-13 16:05:36"}
{"level":"info","msg":"[] JSON解析微信模板消息 失败. unexpected end of JSON input","time":"2019-05-13 16:05:39"}
{"level":"info","msg":"Rpop列表 失败. redigo: nil returned","time":"2019-05-13 16:05:41"}
{"level":"info","msg":"[] JSON解析微信模板消息 失败. unexpected end of JSON input","time":"2019-05-13 16:05:44"}
{"level":"info","msg":"Rpop列表 失败. redigo: nil returned","time":"2019-05-13 16:05:46"}
{"level":"info","msg":"[] JSON解析微信模板消息 失败. unexpected end of JSON input","time":"2019-05-13 16:05:49"}
{"level":"info","msg":"Rpop列表 失败. redigo: nil returned","time":"2019-05-13 16:05:51"}
{"level":"info","msg":"[] JSON解析微信模板消息 失败. unexpected end of JSON input","time":"2019-05-13 16:05:54"}
{"level":"info","msg":"Rpop列表 失败. redigo: nil returned","time":"2019-05-13 16:05:56"}
{"level":"info","msg":"[] JSON解析微信模板消息 失败. unexpected end of JSON input","time":"2019-05-13 16:05:59"}
{"level":"info","msg":"Rpop列表 失败. redigo: nil returned","time":"2019-05-13 16:06:01"}
{"level":"info","msg":"[] JSON解析微信模板消息 失败. unexpected end of JSON input","time":"2019-05-13 16:06:05"}
{"level":"info","msg":"Rpop列表 失败. redigo: nil returned","time":"2019-05-13 16:06:07"}
{"level":"info","msg":"[] JSON解析微信模板消息 失败. unexpected end of JSON input","time":"2019-05-13 16:06:10"}
{"level":"info","msg":"Rpop列表 失败. redigo: nil returned","time":"2019-05-13 16:06:12"}
{"level":"info","msg":"[] JSON解析微信模板消息 失败. unexpected end of JSON input","time":"2019-05-13 16:06:15"}
{"level":"info","msg":"Rpop列表 失败. redigo: nil returned","time":"2019-05-13 16:06:17"}
{"level":"info","msg":"[] JSON解析微信模板消息 失败. unexpected end of JSON input","time":"2019-05-13 16:06:20"}
{"level":"info","msg":"Rpop列表 失败. redigo: nil returned","time":"2019-05-13 16:06:22"}
{"level":"info","msg":"[] JSON解析微信模板消息 失败. unexpected end of JSON input","time":"2019-05-13 16:06:25"}
{"level":"info","msg":"Rpop列表 失败. redigo: nil returned","time":"2019-05-13 16:06:27"}
{"level":"info","msg":"[] JSON解析微信模板消息 失败. unexpected end of JSON input","time":"2019-05-13 16:06:30"}
{"level":"info","msg":"Rpop列表 失败. redigo: nil returned","time":"2019-05-13 16:06:32"}
{"level":"info","msg":"[] JSON解析微信模板消息 失败. unexpected end of JSON input","time":"2019-05-13 16:06:35"}
{"level":"info","msg":"Rpop列表 失败. redigo: nil returned","time":"2019-05-13 16:06:37"}
{"level":"info","msg":"[] JSON解析微信模板消息 失败. unexpected end of JSON input","time":"2019-05-13 16:06:40"}
{"level":"info","msg":"Rpop列表 失败. redigo: nil returned","time":"2019-05-13 16:06:42"}
{"level":"info","msg":"[] JSON解析微信模板消息 失败. unexpected end of JSON input","time":"2019-05-13 16:06:45"}
{"level":"info","msg":"Rpop列表 失败. redigo: nil returned","time":"2019-05-13 16:06:47"}
{"level":"info","msg":"[] JSON解析微信模板消息 失败. unexpected end of JSON input","time":"2019-05-13 16:06:50"}
{"level":"info","msg":"Rpop列表 失败. redigo: nil returned","time":"2019-05-13 16:06:52"}
{"level":"info","msg":"[] JSON解析微信模板消息 失败. unexpected end of JSON input","time":"2019-05-13 16:06:55"}
{"level":"info","msg":"JSON解析key对应的数据 失败. json: cannot unmarshal number into Go value of type string","time":"2019-05-13 16:06:57"}
{"level":"info","msg":"[] JSON解析微信模板消息 失败. unexpected end of JSON input","time":"2019-05-13 16:07:00"}
{"level":"info","msg":"JSON解析key对应的数据 失败. json: cannot unmarshal number into Go value of type string","time":"2019-05-13 16:07:02"}
{"level":"info","msg":"[] JSON解析微信模板消息 失败. unexpected end of JSON input","time":"2019-05-13 16:07:05"}
{"level":"info","msg":"JSON解析key对应的数据 失败. json: cannot unmarshal number into Go value of type string","time":"2019-05-13 16:07:07"}
{"level":"info","msg":"[] JSON解析微信模板消息 失败. unexpected end of JSON input","time":"2019-05-13 16:07:10"}
{"level":"info","msg":"JSON解析key对应的数据 失败. json: cannot unmarshal number into Go value of type string","time":"2019-05-13 16:07:12"}
{"level":"info","msg":"[] JSON解析微信模板消息 失败. unexpected end of JSON input","time":"2019-05-13 16:07:15"}
{"level":"info","msg":"JSON解析key对应的数据 失败. json: cannot unmarshal number into Go value of type string","time":"2019-05-13 16:07:17"}
{"level":"info","msg":"[] JSON解析微信模板消息 失败. unexpected end of JSON input","time":"2019-05-13 16:07:20"}
{"level":"info","msg":"JSON解析key对应的数据 失败. json: cannot unmarshal number into Go value of type string","time":"2019-05-13 16:07:22"}
{"level":"info","msg":"[] JSON解析微信模板消息 失败. unexpected end of JSON input","time":"2019-05-13 16:07:25"}
{"level":"info","msg":"Rpop列表 失败. redigo: nil returned","time":"2019-05-13 16:07:27"}
{"level":"info","msg":"[] JSON解析微信模板消息 失败. unexpected end of JSON input","time":"2019-05-13 16:07:30"}
{"level":"info","msg":"Rpop列表 失败. redigo: nil returned","time":"2019-05-13 16:07:32"}
{"level":"info","msg":"[] JSON解析微信模板消息 失败. unexpected end of JSON input","time":"2019-05-13 16:07:35"}
{"level":"info","msg":"Rpop列表 失败. redigo: nil returned","time":"2019-05-13 16:07:37"}
{"level":"info","msg":"[] JSON解析微信模板消息 失败. unexpected end of JSON input","time":"2019-05-13 16:07:40"}
{"level":"info","msg":"Rpop列表 失败. redigo: nil returned","time":"2019-05-13 16:07:42"}
{"level":"info","msg":"[] JSON解析微信模板消息 失败. unexpected end of JSON input","time":"2019-05-13 16:07:45"}
{"level":"info","msg":"Rpop列表 失败. redigo: nil returned","time":"2019-05-13 16:07:47"}
{"level":"info","msg":"[] JSON解析微信模板消息 失败. unexpected end of JSON input","time":"2019-05-13 16:07:50"}
{"level":"info","msg":"Rpop列表 失败. redigo: nil returned","time":"2019-05-13 16:07:52"}
{"level":"info","msg":"[] JSON解析微信模板消息 失败. unexpected end of JSON input","time":"2019-05-13 16:07:55"}
{"level":"info","msg":"Rpop列表 失败. redigo: nil returned","time":"2019-05-13 16:07:57"}
{"level":"info","msg":"[] JSON解析微信模板消息 失败. unexpected end of JSON input","time":"2019-05-13 16:08:00"}
{"level":"info","msg":"Rpop列表 失败. redigo: nil returned","time":"2019-05-13 16:08:02"}
{"level":"info","msg":"[] JSON解析微信模板消息 失败. unexpected end of JSON input","time":"2019-05-13 16:08:05"}
{"level":"info","msg":"Rpop列表 失败. redigo: nil returned","time":"2019-05-13 16:08:07"}
{"level":"info","msg":"[] JSON解析微信模板消息 失败. unexpected end of JSON input","time":"2019-05-13 16:08:10"}
{"level":"info","msg":"Rpop列表 失败. redigo: nil returned","time":"2019-05-13 16:08:12"}
{"level":"info","msg":"[] JSON解析微信模板消息 失败. unexpected end of JSON input","time":"2019-05-13 16:08:15"}
{"level":"info","msg":"Rpop列表 失败. redigo: nil returned","time":"2019-05-13 16:08:17"}
{"level":"info","msg":"[] JSON解析微信模板消息 失败. unexpected end of JSON input","time":"2019-05-13 16:08:20"}
{"level":"info","msg":"Rpop列表 失败. redigo: nil returned","time":"2019-05-13 16:08:22"}
{"level":"info","msg":"[] JSON解析微信模板消息 失败. unexpected end of JSON input","time":"2019-05-13 16:08:25"}
{"level":"info","msg":"Rpop列表 失败. redigo: nil returned","time":"2019-05-13 16:08:27"}
{"level":"info","msg":"[] JSON解析微信模板消息 失败. unexpected end of JSON input","time":"2019-05-13 16:08:30"}
{"level":"info","msg":"Rpop列表 失败. redigo: nil returned","time":"2019-05-13 16:08:32"}
{"level":"info","msg":"[] JSON解析微信模板消息 失败. unexpected end of JSON input","time":"2019-05-13 16:08:35"}
{"level":"info","msg":"Rpop列表 失败. redigo: nil returned","time":"2019-05-13 16:08:37"}
{"level":"info","msg":"Rpop列表 失败. redigo: nil returned","time":"2019-05-13 16:09:02"}
{"level":"info","msg":"[] JSON解析微信模板消息 失败. unexpected end of JSON input","time":"2019-05-13 16:09:05"}
{"level":"info","msg":"","time":"2019-05-13 16:09:05"}
{"level":"info","msg":"Rpop列表 失败. redigo: nil returned","time":"2019-05-13 16:09:07"}
{"level":"info","msg":"[] JSON解析微信模板消息 失败. unexpected end of JSON input","time":"2019-05-13 16:09:10"}
{"level":"info","msg":"","time":"2019-05-13 16:09:10"}
{"level":"info","msg":"Rpop列表 失败. redigo: nil returned","time":"2019-05-13 16:09:12"}
{"level":"info","msg":"[] JSON解析微信模板消息 失败. unexpected end of JSON input","time":"2019-05-13 16:09:15"}
{"level":"info","msg":"","time":"2019-05-13 16:09:15"}
{"level":"info","msg":"Rpop列表 失败. redigo: nil returned","time":"2019-05-13 16:09:17"}
{"level":"info","msg":"[] JSON解析微信模板消息 失败. unexpected end of JSON input","time":"2019-05-13 16:09:20"}
{"level":"info","msg":"","time":"2019-05-13 16:09:20"}
{"level":"info","msg":"Rpop列表 失败. redigo: nil returned","time":"2019-05-13 16:09:22"}
{"level":"info","msg":"[] JSON解析微信模板消息 失败. unexpected end of JSON input","time":"2019-05-13 16:09:25"}
{"level":"info","msg":"","time":"2019-05-13 16:09:25"}
{"level":"info","msg":"Rpop列表 失败. redigo: nil returned","time":"2019-05-13 16:09:27"}
{"level":"info","msg":"[] JSON解析微信模板消息 失败. unexpected end of JSON input","time":"2019-05-13 16:09:30"}
{"level":"info","msg":"","time":"2019-05-13 16:09:30"}
{"level":"info","msg":"Rpop列表 失败. redigo: nil returned","time":"2019-05-13 16:09:32"}
{"level":"info","msg":"[] JSON解析微信模板消息 失败. unexpected end of JSON input","time":"2019-05-13 16:09:35"}
{"level":"info","msg":"","time":"2019-05-13 16:09:35"}
{"level":"info","msg":"Rpop列表 失败. redigo: nil returned","time":"2019-05-13 16:09:37"}
{"level":"info","msg":"[] JSON解析微信模板消息 失败. unexpected end of JSON input","time":"2019-05-13 16:09:40"}
{"level":"info","msg":"","time":"2019-05-13 16:09:40"}
{"level":"info","msg":"Rpop列表 失败. redigo: nil returned","time":"2019-05-13 16:09:42"}
{"level":"info","msg":"[] JSON解析微信模板消息 失败. unexpected end of JSON input","time":"2019-05-13 16:09:45"}
{"level":"info","msg":"","time":"2019-05-13 16:09:45"}
{"level":"info","msg":"Rpop列表 失败. redigo: nil returned","time":"2019-05-13 16:09:47"}
{"level":"info","msg":"[] JSON解析微信模板消息 失败. unexpected end of JSON input","time":"2019-05-13 16:09:50"}
{"level":"info","msg":"","time":"2019-05-13 16:09:50"}
{"level":"info","msg":"Rpop列表 失败. redigo: nil returned","time":"2019-05-13 16:09:52"}
{"level":"info","msg":"[] JSON解析微信模板消息 失败. unexpected end of JSON input","time":"2019-05-13 16:09:55"}
{"level":"info","msg":"","time":"2019-05-13 16:09:55"}
{"level":"info","msg":"Rpop列表 失败. redigo: nil returned","time":"2019-05-13 16:09:57"}
{"level":"info","msg":"[] JSON解析微信模板消息 失败. unexpected end of JSON input","time":"2019-05-13 16:10:00"}
{"level":"info","msg":"","time":"2019-05-13 16:10:00"}
{"level":"info","msg":"Rpop列表 失败. redigo: nil returned","time":"2019-05-13 16:10:02"}
{"level":"info","msg":"[] JSON解析微信模板消息 失败. unexpected end of JSON input","time":"2019-05-13 16:10:05"}
{"level":"info","msg":"","time":"2019-05-13 16:10:05"}
{"level":"info","msg":"Rpop列表 失败. redigo: nil returned","time":"2019-05-13 16:10:07"}
{"level":"info","msg":"[] JSON解析微信模板消息 失败. unexpected end of JSON input","time":"2019-05-13 16:10:10"}
{"level":"info","msg":"","time":"2019-05-13 16:10:10"}
{"level":"info","msg":"Rpop列表 失败. redigo: nil returned","time":"2019-05-13 16:10:12"}
{"level":"info","msg":"[] JSON解析微信模板消息 失败. unexpected end of JSON input","time":"2019-05-13 16:10:15"}
{"level":"info","msg":"","time":"2019-05-13 16:10:15"}
{"level":"info","msg":"Rpop列表 失败. redigo: nil returned","time":"2019-05-13 16:10:17"}
{"level":"info","msg":"[] JSON解析微信模板消息 失败. unexpected end of JSON input","time":"2019-05-13 16:10:20"}
{"level":"info","msg":"","time":"2019-05-13 16:10:20"}
{"level":"info","msg":"Rpop列表 失败. redigo: nil returned","time":"2019-05-13 16:10:22"}
{"level":"info","msg":"[] JSON解析微信模板消息 失败. unexpected end of JSON input","time":"2019-05-13 16:10:25"}
{"level":"info","msg":"","time":"2019-05-13 16:10:25"}
{"level":"info","msg":"Rpop列表 失败. redigo: nil returned","time":"2019-05-13 16:10:27"}
{"level":"info","msg":"[] JSON解析微信模板消息 失败. unexpected end of JSON input","time":"2019-05-13 16:10:30"}
{"level":"info","msg":"","time":"2019-05-13 16:10:30"}
{"level":"info","msg":"Rpop列表 失败. redigo: nil returned","time":"2019-05-13 16:10:32"}
{"level":"info","msg":"[] JSON解析微信模板消息 失败. unexpected end of JSON input","time":"2019-05-13 16:10:35"}
{"level":"info","msg":"","time":"2019-05-13 16:10:35"}
{"level":"info","msg":"Rpop列表 失败. redigo: nil returned","time":"2019-05-13 16:10:37"}
{"level":"info","msg":"[] JSON解析微信模板消息 失败. unexpected end of JSON input","time":"2019-05-13 16:10:40"}
{"level":"info","msg":"","time":"2019-05-13 16:10:40"}
{"level":"info","msg":"Rpop列表 失败. redigo: nil returned","time":"2019-05-13 16:10:42"}
{"level":"info","msg":"[] JSON解析微信模板消息 失败. unexpected end of JSON input","time":"2019-05-13 16:10:45"}
{"level":"info","msg":"","time":"2019-05-13 16:10:45"}
{"level":"info","msg":"Rpop列表 失败. redigo: nil returned","time":"2019-05-13 16:10:47"}
{"level":"info","msg":"[] JSON解析微信模板消息 失败. unexpected end of JSON input","time":"2019-05-13 16:10:50"}
{"level":"info","msg":"","time":"2019-05-13 16:10:50"}
{"level":"info","msg":"Rpop列表 失败. redigo: nil returned","time":"2019-05-13 16:10:52"}
{"level":"info","msg":"[] JSON解析微信模板消息 失败. unexpected end of JSON input","time":"2019-05-13 16:10:55"}
{"level":"info","msg":"","time":"2019-05-13 16:10:55"}
{"level":"info","msg":"Rpop列表 失败. redigo: nil returned","time":"2019-05-13 16:10:57"}
{"level":"info","msg":"[] JSON解析微信模板消息 失败. unexpected end of JSON input","time":"2019-05-13 16:11:00"}
{"level":"info","msg":"","time":"2019-05-13 16:11:00"}
{"level":"info","msg":"Rpop列表 失败. redigo: nil returned","time":"2019-05-13 16:11:02"}
{"level":"info","msg":"[] JSON解析微信模板消息 失败. unexpected end of JSON input","time":"2019-05-13 16:11:05"}
{"level":"info","msg":"","time":"2019-05-13 16:11:05"}
{"level":"info","msg":"Rpop列表 失败. redigo: nil returned","time":"2019-05-13 16:11:07"}
{"level":"info","msg":"[] JSON解析微信模板消息 失败. unexpected end of JSON input","time":"2019-05-13 16:11:10"}
{"level":"info","msg":"","time":"2019-05-13 16:11:10"}
{"level":"info","msg":"Rpop列表 失败. redigo: nil returned","time":"2019-05-13 16:11:12"}
{"level":"info","msg":"[] JSON解析微信模板消息 失败. unexpected end of JSON input","time":"2019-05-13 16:11:16"}
{"level":"info","msg":"","time":"2019-05-13 16:11:16"}
{"level":"info","msg":"Rpop列表 失败. redigo: nil returned","time":"2019-05-13 16:11:18"}
{"level":"info","msg":"[] JSON解析微信模板消息 失败. unexpected end of JSON input","time":"2019-05-13 16:11:21"}
{"level":"info","msg":"","time":"2019-05-13 16:11:21"}
{"level":"info","msg":"Rpop列表 失败. redigo: nil returned","time":"2019-05-13 16:11:23"}
{"level":"info","msg":"[] JSON解析微信模板消息 失败. unexpected end of JSON input","time":"2019-05-13 16:11:26"}
{"level":"info","msg":"","time":"2019-05-13 16:11:26"}
{"level":"info","msg":"Rpop列表 失败. redigo: nil returned","time":"2019-05-13 16:11:28"}
{"level":"info","msg":"[] JSON解析微信模板消息 失败. unexpected end of JSON input","time":"2019-05-13 16:11:31"}
{"level":"info","msg":"","time":"2019-05-13 16:11:31"}
{"level":"info","msg":"Rpop列表 失败. redigo: nil returned","time":"2019-05-13 16:11:33"}
{"level":"info","msg":"[] JSON解析微信模板消息 失败. unexpected end of JSON input","time":"2019-05-13 16:11:36"}
{"level":"info","msg":"","time":"2019-05-13 16:11:36"}
{"level":"info","msg":"Rpop列表 失败. redigo: nil returned","time":"2019-05-13 16:11:38"}
{"level":"info","msg":"[] JSON解析微信模板消息 失败. unexpected end of JSON input","time":"2019-05-13 16:11:41"}
{"level":"info","msg":"","time":"2019-05-13 16:11:41"}
{"level":"info","msg":"Rpop列表 失败. redigo: nil returned","time":"2019-05-13 16:11:43"}
{"level":"info","msg":"[] JSON解析微信模板消息 失败. unexpected end of JSON input","time":"2019-05-13 16:11:46"}
{"level":"info","msg":"","time":"2019-05-13 16:11:46"}
{"level":"info","msg":"Rpop列表 失败. redigo: nil returned","time":"2019-05-13 16:11:48"}
{"level":"info","msg":"[] JSON解析微信模板消息 失败. unexpected end of JSON input","time":"2019-05-13 16:11:51"}
{"level":"info","msg":"","time":"2019-05-13 16:11:51"}
{"level":"info","msg":"Rpop列表 失败. redigo: nil returned","time":"2019-05-13 16:11:53"}
{"level":"info","msg":"[] JSON解析微信模板消息 失败. unexpected end of JSON input","time":"2019-05-13 16:11:56"}
{"level":"info","msg":"","time":"2019-05-13 16:11:56"}
{"level":"info","msg":"Rpop列表 失败. redigo: nil returned","time":"2019-05-13 16:11:58"}
{"level":"info","msg":"[] JSON解析微信模板消息 失败. unexpected end of JSON input","time":"2019-05-13 16:12:01"}
{"level":"info","msg":"","time":"2019-05-13 16:12:01"}
{"level":"info","msg":"Rpop列表 失败. redigo: nil returned","time":"2019-05-13 16:12:03"}
{"level":"info","msg":"[] JSON解析微信模板消息 失败. unexpected end of JSON input","time":"2019-05-13 16:12:06"}
{"level":"info","msg":"","time":"2019-05-13 16:12:06"}
{"level":"info","msg":"Rpop列表 失败. redigo: nil returned","time":"2019-05-13 16:12:08"}
{"level":"info","msg":"[] JSON解析微信模板消息 失败. unexpected end of JSON input","time":"2019-05-13 16:12:11"}
{"level":"info","msg":"","time":"2019-05-13 16:12:11"}
{"level":"info","msg":"Rpop列表 失败. redigo: nil returned","time":"2019-05-13 16:12:13"}
{"level":"info","msg":"[] JSON解析微信模板消息 失败. unexpected end of JSON input","time":"2019-05-13 16:12:16"}
{"level":"info","msg":"","time":"2019-05-13 16:12:16"}
{"level":"info","msg":"Rpop列表 失败. redigo: nil returned","time":"2019-05-13 16:12:18"}
{"level":"info","msg":"[] JSON解析微信模板消息 失败. unexpected end of JSON input","time":"2019-05-13 16:12:21"}
{"level":"info","msg":"","time":"2019-05-13 16:12:21"}
{"level":"info","msg":"Rpop列表 失败. redigo: nil returned","time":"2019-05-13 16:12:23"}
{"level":"info","msg":"[] JSON解析微信模板消息 失败. unexpected end of JSON input","time":"2019-05-13 16:12:26"}
{"level":"info","msg":"","time":"2019-05-13 16:12:26"}
{"level":"info","msg":"Rpop列表 失败. redigo: nil returned","time":"2019-05-13 16:12:28"}
{"level":"info","msg":"[] JSON解析微信模板消息 失败. unexpected end of JSON input","time":"2019-05-13 16:12:31"}
{"level":"info","msg":"","time":"2019-05-13 16:12:31"}
{"level":"info","msg":"Rpop列表 失败. redigo: nil returned","time":"2019-05-13 16:12:33"}
{"level":"info","msg":"[] JSON解析微信模板消息 失败. unexpected end of JSON input","time":"2019-05-13 16:12:36"}
{"level":"info","msg":"","time":"2019-05-13 16:12:36"}
{"level":"info","msg":"Rpop列表 失败. redigo: nil returned","time":"2019-05-13 16:12:38"}
{"level":"info","msg":"[] JSON解析微信模板消息 失败. unexpected end of JSON input","time":"2019-05-13 16:12:41"}
{"level":"info","msg":"","time":"2019-05-13 16:12:41"}
{"level":"info","msg":"Rpop列表 失败. redigo: nil returned","time":"2019-05-13 16:12:43"}
{"level":"info","msg":"[] JSON解析微信模板消息 失败. unexpected end of JSON input","time":"2019-05-13 16:12:46"}
{"level":"info","msg":"","time":"2019-05-13 16:12:46"}
{"level":"info","msg":"Rpop列表 失败. redigo: nil returned","time":"2019-05-13 16:12:48"}
{"level":"info","msg":"[] JSON解析微信模板消息 失败. unexpected end of JSON input","time":"2019-05-13 16:12:51"}
{"level":"info","msg":"","time":"2019-05-13 16:12:51"}
{"level":"info","msg":"Rpop列表 失败. redigo: nil returned","time":"2019-05-13 16:12:53"}
{"level":"info","msg":"[] JSON解析微信模板消息 失败. unexpected end of JSON input","time":"2019-05-13 16:12:56"}
{"level":"info","msg":"","time":"2019-05-13 16:12:56"}
{"level":"info","msg":"Rpop列表 失败. redigo: nil returned","time":"2019-05-13 16:12:58"}
{"level":"info","msg":"[] JSON解析微信模板消息 失败. unexpected end of JSON input","time":"2019-05-13 16:13:01"}
{"level":"info","msg":"","time":"2019-05-13 16:13:01"}
{"level":"info","msg":"Rpop列表 失败. redigo: nil returned","time":"2019-05-13 16:13:03"}
{"level":"info","msg":"[] JSON解析微信模板消息 失败. unexpected end of JSON input","time":"2019-05-13 16:13:06"}
{"level":"info","msg":"","time":"2019-05-13 16:13:06"}
{"level":"info","msg":"Rpop列表 失败. redigo: nil returned","time":"2019-05-13 16:13:08"}
{"level":"info","msg":"[] JSON解析微信模板消息 失败. unexpected end of JSON input","time":"2019-05-13 16:13:11"}
{"level":"info","msg":"","time":"2019-05-13 16:13:11"}
{"level":"info","msg":"Rpop列表 失败. redigo: nil returned","time":"2019-05-13 16:13:13"}
{"level":"info","msg":"[] JSON解析微信模板消息 失败. unexpected end of JSON input","time":"2019-05-13 16:13:16"}
{"level":"info","msg":"","time":"2019-05-13 16:13:16"}
{"level":"info","msg":"Rpop列表 失败. redigo: nil returned","time":"2019-05-13 16:13:18"}
{"level":"info","msg":"[] JSON解析微信模板消息 失败. unexpected end of JSON input","time":"2019-05-13 16:13:21"}
{"level":"info","msg":"","time":"2019-05-13 16:13:21"}
{"level":"info","msg":"Rpop列表 失败. redigo: nil returned","time":"2019-05-13 16:13:23"}
{"level":"info","msg":"[] JSON解析微信模板消息 失败. unexpected end of JSON input","time":"2019-05-13 16:13:26"}
{"level":"info","msg":"","time":"2019-05-13 16:13:26"}
{"level":"info","msg":"Rpop列表 失败. redigo: nil returned","time":"2019-05-13 16:13:28"}
{"level":"info","msg":"[] JSON解析微信模板消息 失败. unexpected end of JSON input","time":"2019-05-13 16:13:31"}
{"level":"info","msg":"","time":"2019-05-13 16:13:31"}
{"level":"info","msg":"Rpop列表 失败. redigo: nil returned","time":"2019-05-13 16:13:33"}
{"level":"info","msg":"[] JSON解析微信模板消息 失败. unexpected end of JSON input","time":"2019-05-13 16:13:36"}
{"level":"info","msg":"","time":"2019-05-13 16:13:36"}
{"level":"info","msg":"Rpop列表 失败. redigo: nil returned","time":"2019-05-13 16:13:43"}
{"level":"info","msg":"","time":"2019-05-13 16:13:46"}
{"level":"info","msg":"[] JSON解析微信模板消息 失败. unexpected end of JSON input","time":"2019-05-13 16:13:46"}
{"level":"info","msg":"","time":"2019-05-13 16:13:46"}
{"level":"info","msg":"Rpop列表 失败. redigo: nil returned","time":"2019-05-13 16:13:48"}
{"level":"info","msg":"","time":"2019-05-13 16:13:51"}
{"level":"info","msg":"[] JSON解析微信模板消息 失败. unexpected end of JSON input","time":"2019-05-13 16:13:51"}
{"level":"info","msg":"","time":"2019-05-13 16:13:51"}
{"level":"info","msg":"Rpop列表 失败. redigo: nil returned","time":"2019-05-13 16:16:27"}
{"level":"info","msg":"","time":"2019-05-13 16:16:30"}
{"level":"info","msg":"[] JSON解析微信模板消息 失败. unexpected end of JSON input","time":"2019-05-13 16:16:30"}
{"level":"info","msg":"","time":"2019-05-13 16:16:30"}
{"level":"info","msg":"Rpop列表 失败. redigo: nil returned","time":"2019-05-13 16:16:32"}
{"level":"info","msg":"","time":"2019-05-13 16:16:35"}
{"level":"info","msg":"[] JSON解析微信模板消息 失败. unexpected end of JSON input","time":"2019-05-13 16:16:35"}
{"level":"info","msg":"","time":"2019-05-13 16:16:35"}
{"level":"info","msg":"Rpop列表 失败. redigo: nil returned","time":"2019-05-13 16:17:00"}
{"level":"info","msg":"","time":"2019-05-13 16:17:03"}
{"level":"info","msg":"[] JSON解析微信模板消息 失败. unexpected end of JSON input","time":"2019-05-13 16:17:03"}
{"level":"info","msg":"","time":"2019-05-13 16:17:03"}
{"level":"info","msg":"Rpop列表 失败. redigo: nil returned","time":"2019-05-13 16:17:05"}
{"level":"info","msg":"","time":"2019-05-13 16:17:08"}
{"level":"info","msg":"[] JSON解析微信模板消息 失败. unexpected end of JSON input","time":"2019-05-13 16:17:08"}
{"level":"info","msg":"","time":"2019-05-13 16:17:08"}
{"level":"info","msg":"Rpop列表 失败. redigo: nil returned","time":"2019-05-13 16:17:10"}
{"level":"info","msg":"","time":"2019-05-13 16:17:13"}
{"level":"info","msg":"[] JSON解析微信模板消息 失败. unexpected end of JSON input","time":"2019-05-13 16:17:13"}
{"level":"info","msg":"","time":"2019-05-13 16:17:13"}
{"level":"info","msg":"Rpop列表 失败. redigo: nil returned","time":"2019-05-13 16:17:15"}
{"level":"info","msg":"","time":"2019-05-13 16:17:18"}
{"level":"info","msg":"[] JSON解析微信模板消息 失败. unexpected end of JSON input","time":"2019-05-13 16:17:18"}
{"level":"info","msg":"","time":"2019-05-13 16:17:18"}
{"level":"info","msg":"Rpop列表 失败. redigo: nil returned","time":"2019-05-13 16:17:20"}
{"level":"info","msg":"","time":"2019-05-13 16:17:23"}
{"level":"info","msg":"[] JSON解析微信模板消息 失败. unexpected end of JSON input","time":"2019-05-13 16:17:23"}
{"level":"info","msg":"","time":"2019-05-13 16:17:23"}
{"level":"info","msg":"Rpop列表 失败. redigo: nil returned","time":"2019-05-13 16:17:25"}
{"level":"info","msg":"","time":"2019-05-13 16:17:28"}
{"level":"info","msg":"[] JSON解析微信模板消息 失败. unexpected end of JSON input","time":"2019-05-13 16:17:28"}
{"level":"info","msg":"","time":"2019-05-13 16:17:28"}
{"level":"info","msg":"Rpop列表 失败. redigo: nil returned","time":"2019-05-13 16:17:30"}
{"level":"info","msg":"","time":"2019-05-13 16:17:33"}
{"level":"info","msg":"[] JSON解析微信模板消息 失败. unexpected end of JSON input","time":"2019-05-13 16:17:33"}
{"level":"info","msg":"","time":"2019-05-13 16:17:33"}
{"level":"info","msg":"Rpop列表 失败. redigo: nil returned","time":"2019-05-13 16:17:35"}
{"level":"info","msg":"","time":"2019-05-13 16:17:38"}
{"level":"info","msg":"[] JSON解析微信模板消息 失败. unexpected end of JSON input","time":"2019-05-13 16:17:38"}
{"level":"info","msg":"","time":"2019-05-13 16:17:38"}
{"level":"info","msg":"Rpop列表 失败. redigo: nil returned","time":"2019-05-13 16:17:40"}
{"level":"info","msg":"","time":"2019-05-13 16:17:43"}
{"level":"info","msg":"[] JSON解析微信模板消息 失败. unexpected end of JSON input","time":"2019-05-13 16:17:43"}
{"level":"info","msg":"","time":"2019-05-13 16:17:43"}
{"level":"info","msg":"Rpop列表 失败. redigo: nil returned","time":"2019-05-13 16:17:45"}
{"level":"info","msg":"","time":"2019-05-13 16:17:48"}
{"level":"info","msg":"[] JSON解析微信模板消息 失败. unexpected end of JSON input","time":"2019-05-13 16:17:48"}
{"level":"info","msg":"","time":"2019-05-13 16:17:48"}
{"level":"info","msg":"JSON解析key对应的数据 失败. invalid character 't' after object key:value pair","time":"2019-05-13 16:17:50"}
{"level":"info","msg":"","time":"2019-05-13 16:17:53"}
{"level":"info","msg":"[] JSON解析微信模板消息 失败. unexpected end of JSON input","time":"2019-05-13 16:17:53"}
{"level":"info","msg":"","time":"2019-05-13 16:17:53"}
{"level":"info","msg":"JSON解析key对应的数据 失败. invalid character 't' after object key:value pair","time":"2019-05-13 16:17:55"}
{"level":"info","msg":"","time":"2019-05-13 16:17:58"}
{"level":"info","msg":"[] JSON解析微信模板消息 失败. unexpected end of JSON input","time":"2019-05-13 16:17:58"}
{"level":"info","msg":"","time":"2019-05-13 16:17:58"}
{"level":"info","msg":"JSON解析key对应的数据 失败. invalid character 't' after object key:value pair","time":"2019-05-13 16:18:00"}
{"level":"info","msg":"","time":"2019-05-13 16:18:03"}
{"level":"info","msg":"[] JSON解析微信模板消息 失败. unexpected end of JSON input","time":"2019-05-13 16:18:03"}
{"level":"info","msg":"","time":"2019-05-13 16:18:03"}
{"level":"info","msg":"JSON解析key对应的数据 失败. invalid character 't' after object key:value pair","time":"2019-05-13 16:18:05"}
{"level":"info","msg":"","time":"2019-05-13 16:18:08"}
{"level":"info","msg":"[] JSON解析微信模板消息 失败. unexpected end of JSON input","time":"2019-05-13 16:18:08"}
{"level":"info","msg":"","time":"2019-05-13 16:18:08"}
{"level":"info","msg":"JSON解析key对应的数据 失败. invalid character 't' after object key:value pair","time":"2019-05-13 16:18:10"}
{"level":"info","msg":"","time":"2019-05-13 16:18:13"}
{"level":"info","msg":"[] JSON解析微信模板消息 失败. unexpected end of JSON input","time":"2019-05-13 16:18:13"}
{"level":"info","msg":"","time":"2019-05-13 16:18:13"}
{"level":"info","msg":"JSON解析key对应的数据 失败. invalid character 't' after object key:value pair","time":"2019-05-13 16:18:15"}
{"level":"info","msg":"","time":"2019-05-13 16:18:18"}
{"level":"info","msg":"[] JSON解析微信模板消息 失败. unexpected end of JSON input","time":"2019-05-13 16:18:18"}
{"level":"info","msg":"","time":"2019-05-13 16:18:18"}
{"level":"info","msg":"Rpop列表 失败. redigo: nil returned","time":"2019-05-13 16:18:20"}
{"level":"info","msg":"","time":"2019-05-13 16:18:23"}
{"level":"info","msg":"[] JSON解析微信模板消息 失败. unexpected end of JSON input","time":"2019-05-13 16:18:23"}
{"level":"info","msg":"","time":"2019-05-13 16:18:23"}
{"level":"info","msg":"Rpop列表 失败. redigo: nil returned","time":"2019-05-13 16:18:25"}
{"level":"info","msg":"","time":"2019-05-13 16:18:28"}
{"level":"info","msg":"[] JSON解析微信模板消息 失败. unexpected end of JSON input","time":"2019-05-13 16:18:28"}
{"level":"info","msg":"","time":"2019-05-13 16:18:28"}
{"level":"info","msg":"Rpop列表 失败. redigo: nil returned","time":"2019-05-13 16:18:30"}
{"level":"info","msg":"Rpop列表 失败. redigo: nil returned","time":"2019-05-13 16:19:16"}
{"level":"info","msg":"","time":"2019-05-13 16:19:19"}
{"level":"info","msg":"[] JSON解析微信模板消息 失败. unexpected end of JSON input","time":"2019-05-13 16:19:19"}
{"level":"info","msg":"","time":"2019-05-13 16:19:19"}
{"level":"info","msg":"Rpop列表 失败. redigo: nil returned","time":"2019-05-13 16:19:21"}
{"level":"info","msg":"","time":"2019-05-13 16:19:24"}
{"level":"info","msg":"[] JSON解析微信模板消息 失败. unexpected end of JSON input","time":"2019-05-13 16:19:24"}
{"level":"info","msg":"","time":"2019-05-13 16:19:24"}
{"level":"info","msg":"Rpop列表 失败. redigo: nil returned","time":"2019-05-13 16:19:26"}
{"level":"info","msg":"","time":"2019-05-13 16:19:29"}
{"level":"info","msg":"[] JSON解析微信模板消息 失败. unexpected end of JSON input","time":"2019-05-13 16:19:29"}
{"level":"info","msg":"","time":"2019-05-13 16:19:29"}
{"level":"info","msg":"Rpop列表 失败. redigo: nil returned","time":"2019-05-13 16:19:31"}
{"level":"info","msg":"JSON解析key对应的数据 失败. invalid character 't' after object key:value pair","time":"2019-05-13 16:20:42"}
{"level":"info","msg":"","time":"2019-05-13 16:20:45"}
{"level":"info","msg":"[] JSON解析微信模板消息 失败. unexpected end of JSON input","time":"2019-05-13 16:20:45"}
{"level":"info","msg":"","time":"2019-05-13 16:20:45"}
{"level":"info","msg":"JSON解析key对应的数据 失败. invalid character 't' after object key:value pair","time":"2019-05-13 16:20:47"}
{"level":"info","msg":"","time":"2019-05-13 16:20:50"}
{"level":"info","msg":"[] JSON解析微信模板消息 失败. unexpected end of JSON input","time":"2019-05-13 16:20:50"}
{"level":"info","msg":"","time":"2019-05-13 16:20:50"}
{"level":"info","msg":"JSON解析key对应的数据 失败. invalid character 't' after object key:value pair","time":"2019-05-13 16:20:52"}
{"level":"info","msg":"","time":"2019-05-13 16:20:55"}
{"level":"info","msg":"[] JSON解析微信模板消息 失败. unexpected end of JSON input","time":"2019-05-13 16:20:55"}
{"level":"info","msg":"","time":"2019-05-13 16:20:55"}
{"level":"info","msg":"JSON解析key对应的数据 失败. invalid character 't' after object key:value pair","time":"2019-05-13 16:20:57"}
{"level":"info","msg":"","time":"2019-05-13 16:21:00"}
{"level":"info","msg":"[] JSON解析微信模板消息 失败. unexpected end of JSON input","time":"2019-05-13 16:21:00"}
{"level":"info","msg":"","time":"2019-05-13 16:21:00"}
{"level":"info","msg":"JSON解析key对应的数据 失败. invalid character 't' after object key:value pair","time":"2019-05-13 16:21:02"}
{"level":"info","msg":"","time":"2019-05-13 16:21:05"}
{"level":"info","msg":"[] JSON解析微信模板消息 失败. unexpected end of JSON input","time":"2019-05-13 16:21:05"}
{"level":"info","msg":"","time":"2019-05-13 16:21:05"}
{"level":"info","msg":"JSON解析key对应的数据 失败. invalid character 't' after object key:value pair","time":"2019-05-13 16:21:07"}
{"level":"info","msg":"","time":"2019-05-13 16:21:10"}
{"level":"info","msg":"[] JSON解析微信模板消息 失败. unexpected end of JSON input","time":"2019-05-13 16:21:10"}
{"level":"info","msg":"","time":"2019-05-13 16:21:10"}
{"level":"info","msg":"Rpop列表 失败. redigo: nil returned","time":"2019-05-13 16:21:12"}
{"level":"info","msg":"","time":"2019-05-13 16:21:15"}
{"level":"info","msg":"[] JSON解析微信模板消息 失败. unexpected end of JSON input","time":"2019-05-13 16:21:15"}
{"level":"info","msg":"","time":"2019-05-13 16:21:15"}
{"level":"info","msg":"Rpop列表 失败. redigo: nil returned","time":"2019-05-13 16:21:17"}
{"level":"info","msg":"","time":"2019-05-13 16:21:20"}
{"level":"info","msg":"[] JSON解析微信模板消息 失败. unexpected end of JSON input","time":"2019-05-13 16:21:20"}
{"level":"info","msg":"","time":"2019-05-13 16:21:20"}
{"level":"info","msg":"Rpop列表 失败. redigo: nil returned","time":"2019-05-13 16:21:22"}
{"level":"info","msg":"","time":"2019-05-13 16:21:25"}
{"level":"info","msg":"[] JSON解析微信模板消息 失败. unexpected end of JSON input","time":"2019-05-13 16:21:25"}
{"level":"info","msg":"","time":"2019-05-13 16:21:25"}
{"level":"info","msg":"Rpop列表 失败. redigo: nil returned","time":"2019-05-13 16:21:27"}
{"level":"info","msg":"","time":"2019-05-13 16:21:30"}
{"level":"info","msg":"[] JSON解析微信模板消息 失败. unexpected end of JSON input","time":"2019-05-13 16:21:30"}
{"level":"info","msg":"","time":"2019-05-13 16:21:30"}
{"level":"info","msg":"Rpop列表 失败. redigo: nil returned","time":"2019-05-13 16:25:08"}
{"level":"info","msg":"","time":"2019-05-13 16:25:11"}
{"level":"info","msg":"[] JSON解析微信模板消息 失败. unexpected end of JSON input","time":"2019-05-13 16:25:11"}
{"level":"info","msg":"","time":"2019-05-13 16:25:11"}
{"level":"info","msg":"Rpop列表 失败. redigo: nil returned","time":"2019-05-13 16:25:13"}
{"level":"info","msg":"","time":"2019-05-13 16:25:16"}
{"level":"info","msg":"[] JSON解析微信模板消息 失败. unexpected end of JSON input","time":"2019-05-13 16:25:16"}
{"level":"info","msg":"","time":"2019-05-13 16:25:16"}
{"level":"info","msg":"Rpop列表 失败. redigo: nil returned","time":"2019-05-13 16:25:18"}
{"level":"info","msg":"","time":"2019-05-13 16:25:21"}
{"level":"info","msg":"[] JSON解析微信模板消息 失败. unexpected end of JSON input","time":"2019-05-13 16:25:21"}
{"level":"info","msg":"","time":"2019-05-13 16:25:21"}
{"level":"info","msg":"Rpop列表 失败. redigo: nil returned","time":"2019-05-13 16:25:23"}
{"level":"info","msg":"","time":"2019-05-13 16:25:26"}
{"level":"info","msg":"[] JSON解析微信模板消息 失败. unexpected end of JSON input","time":"2019-05-13 16:25:26"}
{"level":"info","msg":"","time":"2019-05-13 16:25:26"}
{"level":"info","msg":"JSON解析key对应的数据 失败. invalid character 't' after object key:value pair","time":"2019-05-13 16:25:28"}
{"level":"info","msg":"","time":"2019-05-13 16:25:31"}
{"level":"info","msg":"[] JSON解析微信模板消息 失败. unexpected end of JSON input","time":"2019-05-13 16:25:31"}
{"level":"info","msg":"","time":"2019-05-13 16:25:31"}
{"level":"info","msg":"JSON解析key对应的数据 失败. invalid character 't' after object key:value pair","time":"2019-05-13 16:25:33"}
{"level":"info","msg":"","time":"2019-05-13 16:25:36"}
{"level":"info","msg":"[] JSON解析微信模板消息 失败. unexpected end of JSON input","time":"2019-05-13 16:25:36"}
{"level":"info","msg":"","time":"2019-05-13 16:25:36"}
{"level":"info","msg":"JSON解析key对应的数据 失败. invalid character 't' after object key:value pair","time":"2019-05-13 16:25:38"}
{"level":"info","msg":"","time":"2019-05-13 16:25:41"}
{"level":"info","msg":"[] JSON解析微信模板消息 失败. unexpected end of JSON input","time":"2019-05-13 16:25:41"}
{"level":"info","msg":"","time":"2019-05-13 16:25:41"}
{"level":"info","msg":"JSON解析key对应的数据 失败. invalid character 't' after object key:value pair","time":"2019-05-13 16:25:43"}
{"level":"info","msg":"","time":"2019-05-13 16:25:46"}
{"level":"info","msg":"[] JSON解析微信模板消息 失败. unexpected end of JSON input","time":"2019-05-13 16:25:46"}
{"level":"info","msg":"","time":"2019-05-13 16:25:46"}
{"level":"info","msg":"JSON解析key对应的数据 失败. invalid character 't' after object key:value pair","time":"2019-05-13 16:25:48"}
{"level":"info","msg":"","time":"2019-05-13 16:25:51"}
{"level":"info","msg":"[] JSON解析微信模板消息 失败. unexpected end of JSON input","time":"2019-05-13 16:25:51"}
{"level":"info","msg":"","time":"2019-05-13 16:25:51"}
{"level":"info","msg":"JSON解析key对应的数据 失败. invalid character 't' after object key:value pair","time":"2019-05-13 16:25:53"}
{"level":"info","msg":"","time":"2019-05-13 16:25:56"}
{"level":"info","msg":"[] JSON解析微信模板消息 失败. unexpected end of JSON input","time":"2019-05-13 16:25:56"}
{"level":"info","msg":"","time":"2019-05-13 16:25:56"}
{"level":"info","msg":"Rpop列表 失败. redigo: nil returned","time":"2019-05-13 16:25:58"}
{"level":"info","msg":"","time":"2019-05-13 16:26:01"}
{"level":"info","msg":"[] JSON解析微信模板消息 失败. unexpected end of JSON input","time":"2019-05-13 16:26:01"}
{"level":"info","msg":"","time":"2019-05-13 16:26:01"}
{"level":"info","msg":"JSON解析key对应的数据 失败. json: cannot unmarshal number into Go struct field WechatMessage.cid of type string","time":"2019-05-13 16:27:01"}
{"level":"info","msg":"","time":"2019-05-13 16:27:04"}
{"level":"info","msg":"[] JSON解析微信模板消息 失败. unexpected end of JSON input","time":"2019-05-13 16:27:04"}
{"level":"info","msg":"","time":"2019-05-13 16:27:04"}
{"level":"info","msg":"JSON解析key对应的数据 失败. json: cannot unmarshal number into Go struct field WechatMessage.cid of type string","time":"2019-05-13 16:27:06"}
{"level":"info","msg":"","time":"2019-05-13 16:27:09"}
{"level":"info","msg":"[] JSON解析微信模板消息 失败. unexpected end of JSON input","time":"2019-05-13 16:27:09"}
{"level":"info","msg":"","time":"2019-05-13 16:27:09"}
{"level":"info","msg":"JSON解析key对应的数据 失败. json: cannot unmarshal number into Go struct field WechatMessage.cid of type string","time":"2019-05-13 16:27:11"}
{"level":"info","msg":"","time":"2019-05-13 16:27:14"}
{"level":"info","msg":"[] JSON解析微信模板消息 失败. unexpected end of JSON input","time":"2019-05-13 16:27:14"}
{"level":"info","msg":"","time":"2019-05-13 16:27:14"}
{"level":"info","msg":"JSON解析key对应的数据 失败. json: cannot unmarshal number into Go struct field WechatMessage.cid of type string","time":"2019-05-13 16:27:16"}
{"level":"info","msg":"","time":"2019-05-13 16:27:19"}
{"level":"info","msg":"[] JSON解析微信模板消息 失败. unexpected end of JSON input","time":"2019-05-13 16:27:19"}
{"level":"info","msg":"","time":"2019-05-13 16:27:19"}
{"level":"info","msg":"JSON解析key对应的数据 失败. json: cannot unmarshal number into Go struct field WechatMessage.cid of type string","time":"2019-05-13 16:27:21"}
{"level":"info","msg":"","time":"2019-05-13 16:27:24"}
{"level":"info","msg":"[] JSON解析微信模板消息 失败. unexpected end of JSON input","time":"2019-05-13 16:27:24"}
{"level":"info","msg":"","time":"2019-05-13 16:27:24"}
{"level":"info","msg":"JSON解析key对应的数据 失败. json: cannot unmarshal number into Go struct field WechatMessage.cid of type string","time":"2019-05-13 16:27:26"}
{"level":"info","msg":"","time":"2019-05-13 16:27:29"}
{"level":"info","msg":"[] JSON解析微信模板消息 失败. unexpected end of JSON input","time":"2019-05-13 16:27:29"}
{"level":"info","msg":"","time":"2019-05-13 16:27:29"}
{"level":"info","msg":"Rpop列表 失败. redigo: nil returned","time":"2019-05-13 16:27:31"}
{"level":"info","msg":"","time":"2019-05-13 16:27:34"}
{"level":"info","msg":"[] JSON解析微信模板消息 失败. unexpected end of JSON input","time":"2019-05-13 16:27:34"}
{"level":"info","msg":"","time":"2019-05-13 16:27:34"}
{"level":"info","msg":"Rpop列表 失败. redigo: nil returned","time":"2019-05-13 16:27:36"}
{"level":"info","msg":"","time":"2019-05-13 16:27:39"}
{"level":"info","msg":"[] JSON解析微信模板消息 失败. unexpected end of JSON input","time":"2019-05-13 16:27:39"}
{"level":"info","msg":"","time":"2019-05-13 16:27:39"}
{"level":"info","msg":"Rpop列表 失败. redigo: nil returned","time":"2019-05-13 16:27:41"}
{"level":"info","msg":"","time":"2019-05-13 16:27:44"}
{"level":"info","msg":"[] JSON解析微信模板消息 失败. unexpected end of JSON input","time":"2019-05-13 16:27:44"}
{"level":"info","msg":"","time":"2019-05-13 16:27:44"}
{"level":"info","msg":"Rpop列表 失败. redigo: nil returned","time":"2019-05-13 16:27:46"}
{"level":"info","msg":"{\"touser\":\"ozhqUt5rQoWDTGBuHQmB6Jp4j7VU\",\"template_id\":\"kovWqjFt8IR9PbXsR2l6UD7D9G0P7KqPeNmqKK4qDl8\",\"url\":\"http:\\/\\/localhost\\/User\\/Notifycenter\\/index\\/amcc\\/1006\",\"data\":{\"first\":{\"value\":\"尊敬的曾生，您的车辆 粤SC9J49 证件即将到期\",\"color\":\"\"},\"keyword1\":{\"value\":\"证件\",\"color\":\"\"},\"keyword2\":{\"value\":\"2019-05-28\",\"color\":\"\"},\"remark\":{\"value\":\"\\n感谢选择我们的服务！\\n如有问题请联系：13800138000\",\"color\":\"\"}}}","time":"2019-05-13 16:29:38"}
{"level":"info","msg":"{\"touser\":\"ozhqUt5rQoWDTGBuHQmB6Jp4j7VU\",\"template_id\":\"kovWqjFt8IR9PbXsR2l6UD7D9G0P7KqPeNmqKK4qDl8\",\"url\":\"http:\\/\\/localhost\\/User\\/Notifycenter\\/index\\/amcc\\/1006\",\"data\":{\"first\":{\"value\":\"尊敬的百思易科技 小何，您的车辆 粤B89989 保险即将到期\",\"color\":\"\"},\"keyword1\":{\"value\":\"保险\",\"color\":\"\"},\"keyword2\":{\"value\":\"2019-05-28\",\"color\":\"\"},\"remark\":{\"value\":\"\\n感谢选择我们的服务！\\n如有问题请联系：13800138000\",\"color\":\"\"}}}","time":"2019-05-13 16:29:41"}
{"level":"info","msg":"{\"touser\":\"ozhqUt5rQoWDTGBuHQmB6Jp4j7VU\",\"template_id\":\"kovWqjFt8IR9PbXsR2l6UD7D9G0P7KqPeNmqKK4qDl8\",\"url\":\"http:\\/\\/localhost\\/User\\/Notifycenter\\/index\\/amcc\\/1006\",\"data\":{\"first\":{\"value\":\"尊敬的小何，您的车辆 粤B999999 证件即将到期\",\"color\":\"\"},\"keyword1\":{\"value\":\"证件\",\"color\":\"\"},\"keyword2\":{\"value\":\"2019-05-28\",\"color\":\"\"},\"remark\":{\"value\":\"\\n感谢选择我们的服务！\\n如有问题请联系：13800138000\",\"color\":\"\"}}}","time":"2019-05-13 16:29:45"}
{"level":"info","msg":"{\"touser\":\"ozhqUt5rQoWDTGBuHQmB6Jp4j7VU\",\"template_id\":\"kovWqjFt8IR9PbXsR2l6UD7D9G0P7KqPeNmqKK4qDl8\",\"url\":\"http:\\/\\/localhost\\/User\\/Notifycenter\\/index\\/amcc\\/1006\",\"data\":{\"first\":{\"value\":\"尊敬的11111，您的车辆 粤B000002 年审即将到期\",\"color\":\"\"},\"keyword1\":{\"value\":\"年审\",\"color\":\"\"},\"keyword2\":{\"value\":\"2019-05-28\",\"color\":\"\"},\"remark\":{\"value\":\"\\n感谢选择我们的服务！\\n如有问题请联系：13800138000\",\"color\":\"\"}}}","time":"2019-05-13 16:29:48"}
{"level":"info","msg":"{\"touser\":\"ozhqUt5rQoWDTGBuHQmB6Jp4j7VU\",\"template_id\":\"kovWqjFt8IR9PbXsR2l6UD7D9G0P7KqPeNmqKK4qDl8\",\"url\":\"http:\\/\\/localhost\\/User\\/Notifycenter\\/index\\/amcc\\/1006\",\"data\":{\"first\":{\"value\":\"尊敬的11111，您的车辆 粤B000002 保险即将到期\",\"color\":\"\"},\"keyword1\":{\"value\":\"保险\",\"color\":\"\"},\"keyword2\":{\"value\":\"2019-05-28\",\"color\":\"\"},\"remark\":{\"value\":\"\\n感谢选择我们的服务！\\n如有问题请联系：13800138000\",\"color\":\"\"}}}","time":"2019-05-13 16:29:51"}
{"level":"info","msg":"{\"touser\":\"ozhqUt5rQoWDTGBuHQmB6Jp4j7VU\",\"template_id\":\"kovWqjFt8IR9PbXsR2l6UD7D9G0P7KqPeNmqKK4qDl8\",\"url\":\"http:\\/\\/localhost\\/User\\/Notifycenter\\/index\\/amcc\\/1006\",\"data\":{\"first\":{\"value\":\"尊敬的11111，您的车辆 粤B000002 证件即将到期\",\"color\":\"\"},\"keyword1\":{\"value\":\"证件\",\"color\":\"\"},\"keyword2\":{\"value\":\"2019-05-28\",\"color\":\"\"},\"remark\":{\"value\":\"\\n感谢选择我们的服务！\\n如有问题请联系：13800138000\",\"color\":\"\"}}}","time":"2019-05-13 16:29:55"}
{"level":"info","msg":"Rpop列表 失败. redigo: nil returned","time":"2019-05-13 16:29:58"}
{"level":"info","msg":"","time":"2019-05-13 16:30:01"}
{"level":"info","msg":"[0] JSON解析微信模板消息 失败. unexpected end of JSON input","time":"2019-05-13 16:30:01"}
{"level":"info","msg":"","time":"2019-05-13 16:30:01"}
{"level":"info","msg":"Rpop列表 失败. redigo: nil returned","time":"2019-05-13 16:30:03"}
{"level":"info","msg":"","time":"2019-05-13 16:30:06"}
{"level":"info","msg":"[0] JSON解析微信模板消息 失败. unexpected end of JSON input","time":"2019-05-13 16:30:06"}
{"level":"info","msg":"","time":"2019-05-13 16:30:06"}
{"level":"info","msg":"Rpop列表 失败. redigo: nil returned","time":"2019-05-13 16:30:08"}
{"level":"info","msg":"","time":"2019-05-13 16:30:11"}
{"level":"info","msg":"[0] JSON解析微信模板消息 失败. unexpected end of JSON input","time":"2019-05-13 16:30:11"}
{"level":"info","msg":"","time":"2019-05-13 16:30:11"}
{"level":"info","msg":"Rpop列表 失败. redigo: nil returned","time":"2019-05-13 16:30:13"}
{"level":"info","msg":"","time":"2019-05-13 16:30:16"}
{"level":"info","msg":"[0] JSON解析微信模板消息 失败. unexpected end of JSON input","time":"2019-05-13 16:30:16"}
{"level":"info","msg":"","time":"2019-05-13 16:30:16"}
{"level":"info","msg":"Rpop列表 失败. redigo: nil returned","time":"2019-05-13 16:30:18"}
{"level":"info","msg":"","time":"2019-05-13 16:30:21"}
{"level":"info","msg":"[0] JSON解析微信模板消息 失败. unexpected end of JSON input","time":"2019-05-13 16:30:21"}
{"level":"info","msg":"","time":"2019-05-13 16:30:21"}
{"level":"info","msg":"Rpop列表 失败. redigo: nil returned","time":"2019-05-13 16:30:23"}
{"level":"info","msg":"","time":"2019-05-13 16:30:26"}
{"level":"info","msg":"[0] JSON解析微信模板消息 失败. unexpected end of JSON input","time":"2019-05-13 16:30:26"}
{"level":"info","msg":"","time":"2019-05-13 16:30:26"}
{"level":"info","msg":"Rpop列表 失败. redigo: nil returned","time":"2019-05-13 16:30:28"}
{"level":"info","msg":"","time":"2019-05-13 16:30:31"}
{"level":"info","msg":"[0] JSON解析微信模板消息 失败. unexpected end of JSON input","time":"2019-05-13 16:30:31"}
{"level":"info","msg":"","time":"2019-05-13 16:30:31"}
{"level":"info","msg":"Rpop列表 失败. redigo: nil returned","time":"2019-05-13 16:30:33"}
{"level":"info","msg":"","time":"2019-05-13 16:30:36"}
{"level":"info","msg":"[0] JSON解析微信模板消息 失败. unexpected end of JSON input","time":"2019-05-13 16:30:36"}
{"level":"info","msg":"","time":"2019-05-13 16:30:36"}
{"level":"info","msg":"Rpop列表 失败. redigo: nil returned","time":"2019-05-13 16:30:38"}
{"level":"info","msg":"","time":"2019-05-13 16:30:41"}
{"level":"info","msg":"[0] JSON解析微信模板消息 失败. unexpected end of JSON input","time":"2019-05-13 16:30:41"}
{"level":"info","msg":"","time":"2019-05-13 16:30:41"}
{"level":"info","msg":"Rpop列表 失败. redigo: nil returned","time":"2019-05-13 16:30:43"}
{"level":"info","msg":"","time":"2019-05-13 16:30:46"}
{"level":"info","msg":"[0] JSON解析微信模板消息 失败. unexpected end of JSON input","time":"2019-05-13 16:30:46"}
{"level":"info","msg":"","time":"2019-05-13 16:30:46"}
{"level":"info","msg":"Rpop列表 失败. redigo: nil returned","time":"2019-05-13 16:30:48"}
{"level":"info","msg":"","time":"2019-05-13 16:30:51"}
{"level":"info","msg":"[0] JSON解析微信模板消息 失败. unexpected end of JSON input","time":"2019-05-13 16:30:51"}
{"level":"info","msg":"","time":"2019-05-13 16:30:51"}
{"level":"info","msg":"Rpop列表 失败. redigo: nil returned","time":"2019-05-13 16:30:53"}
{"level":"info","msg":"Rpop列表 失败. redigo: nil returned","time":"2019-05-13 16:31:50"}
{"level":"info","msg":"Rpop列表 失败. redigo: nil returned","time":"2019-05-13 16:31:55"}
{"level":"info","msg":"Rpop列表 失败. redigo: nil returned","time":"2019-05-13 16:32:00"}
{"level":"info","msg":"Rpop列表 失败. redigo: nil returned","time":"2019-05-13 16:32:05"}
